STATUS:Searching for applets
STATUS:Creating menu items
MSG   :Add menu Edit::New
MSG   :Add menu Structure::Window
MSG   :Add menu Structure::Control
MSG   :Add menu Electronic::DOS + bands
MSG   :Add menu Electronic::Local DOS+bands control
MSG   :Add menu Structure::Lattice
MSG   :Add menu Database::Query
MSG   :Add menu Structure::Show (old)
MSG   :Add menu Electronic::Dielectric function
MSG   :Add menu Structure::Show/hide atoms
MSG   :Add menu Structure::Export
MSG   :Add menu MD::VAC
MSG   :Add menu Database::Commit
MSG   :Add menu Convergence::Energy
MSG   :Add menu Convergence::Forces
MSG   :Add menu Edit::Rotate atoms
MSG   :Add menu Edit::Info
MSG   :Add menu Electronic::Local potential
MSG   :Add menu Edit::Edit sub-Z-matrix
MSG   :Add menu Convergence::Selected forces
MSG   :Add menu Structure::Measure
MSG   :Add menu Edit::Builder
MSG   :Add menu Edit::Multiply cell
MSG   :Add menu Electronic::STM Control
MSG   :Add menu Edit::Move atoms
MSG   :Add menu Electronic::STM Window
MSG   :Add menu Electronic::View k-points
STATUS:Initializing toolbar buttons
STATUS:Initializing selection applet
STATUS:loading setup
ERROR : Can not read setup.xml
STATUS:setup loaded
STATUS:reading vasprun.xml
STATUS:reading vasprun.xml OK
STATUS:OK
STATUS:Parsing free energy sequence
STATUS:OK
STATUS:reading graph dos from /usr/share/p4vasp/data/graphs/dos.agr
STATUS:reading graph dos_x from /usr/share/p4vasp/data/graphs/dos_x.agr
STATUS:reading graph dos_y from /usr/share/p4vasp/data/graphs/dos_y.agr
STATUS:reading graph bands from /usr/share/p4vasp/data/graphs/bands.agr
STATUS:reading graph dosbands from /usr/share/p4vasp/data/graphs/dosbands.agr
STATUS:reading graph inverse_participation_ratio from /usr/share/p4vasp/data/graphs/inverse_participation_ratio.agr
STATUS:reading graph dos_ipr from /usr/share/p4vasp/data/graphs/dos_ipr.agr
STATUS:Update
STATUS:Update data
STATUS:Read structure
STATUS:Parsing initial structure
STATUS:OK
STATUS:OK
STATUS:Update DOS data
STATUS:Parsing DOS, please wait
STATUS:OK
STATUS:OK
STATUS:OK
STATUS:OK
STATUS:Update
STATUS:Update data
STATUS:Update k-points
STATUS:Scanning k-points
STATUS:OK
STATUS:Update eigenvalues
STATUS:Parsing eigenvalues (L)
STATUS:OK
STATUS:Scanning eigenvalues.
STATUS:Scanning eigenvalues..
STATUS:Eigenvalues updated
STATUS:OK
STATUS:OK
